[2025-10-01 00:06:58,136] INFO [utils:62] - send verification email successfully!! to : alice.web.1011@gmail.com | name: Alice-Wick | email: alice.web.1011@gmail.com
[2025-10-01 00:11:09,034] INFO [utils:62] - send verification email successfully!! to : alice.web.1011@gmail.com | name: Alice-Wick | email: alice.web.1011@gmail.com
[2025-10-01 00:21:34,791] INFO [utils:62] - send verification email successfully!! to : alice.web.1011@gmail.com | name: Alice-Wick | email: alice.web.1011@gmail.com
[2025-10-01 00:25:13,123] INFO [utils:62] - send verification email successfully!! to : alice.web.1011@gmail.com | name: Alice-Wick | email: alice.web.1011@gmail.com
[2025-10-01 00:35:33,666] INFO [utils:62] - unverified or inactive 0 users cleaned successfully!!
[2025-10-01 00:35:34,535] INFO [utils:62] - unverified or inactive 0 users cleaned successfully!!
[2025-10-01 00:35:36,533] INFO [utils:62] - unverified or inactive 0 users cleaned successfully!!
[2025-10-01 00:35:38,532] INFO [utils:62] - unverified or inactive 0 users cleaned successfully!!
[2025-10-01 00:35:40,536] INFO [utils:62] - unverified or inactive 0 users cleaned successfully!!
[2025-10-01 00:35:42,541] INFO [utils:62] - unverified or inactive 0 users cleaned successfully!!
[2025-10-01 00:41:14,059] INFO [utils:62] - send verification email successfully!! to : alice.web.1011@gmail.com | name: Alice-Wick | email: alice.web.1011@gmail.com
[2025-10-01 00:44:40,928] INFO [utils:62] - send verification email successfully!! to : alice.web.1011@gmail.com | name: Alice-Wick | email: alice.web.1011@gmail.com
[2025-10-01 00:49:42,891] INFO [utils:62] - send verification email successfully!! to : mahfuj.khan.infrom1011@gmail.com | name: Mahfuj-Khan | email: mahfuj.khan.infrom1011@gmail.com
[2025-10-01 01:04:42,996] INFO [utils:62] - send verification email successfully!! to : alice.web.1011@gmail.com | name: Alice-Wick | email: alice.web.1011@gmail.com
[2025-10-01 01:05:48,738] INFO [utils:62] - send verification email successfully!! to : mahfujkhanbd94@gmail.com | name: Mahfuj-Khan | email: mahfujkhanbd94@gmail.com
[2025-10-01 01:08:45,550] INFO [utils:62] - send verification email successfully!! to : mahfujkhanbd94@gmail.com | name: Mahfuj-Khan | email: mahfujkhanbd94@gmail.com
[2025-10-01 01:35:42,552] INFO [utils:62] - unverified or inactive 0 users cleaned successfully!!
[2025-10-01 01:40:00,010] INFO [utils:62] - send verification email successfully!! to : mahfujkhanbd94@gmail.com | name: Mahfuj-Khan | email: mahfujkhanbd94@gmail.com
[2025-10-01 01:43:40,574] INFO [utils:62] - send verification email successfully!! to : mahfujkhanbd94@gmail.com | name: Mahfuj-Khan | email: mahfujkhanbd94@gmail.com
[2025-10-01 01:50:40,906] INFO [utils:62] - send verification email successfully!! to : mahfujkhanbd94@gmail.com | name: Mahfuj-Khan | email: mahfujkhanbd94@gmail.com
[2025-10-01 02:09:38,708] INFO [utils:62] - send verification email successfully!! to : mahfujkhanbd94@gmail.com | name: Mahfuj-Khan | email: mahfujkhanbd94@gmail.com
[2025-10-01 02:11:23,414] INFO [utils:62] - send verification email successfully!! to : <django.core.mail.message.EmailMultiAlternatives object at 0x78b86b568050>
[2025-10-01 02:35:42,574] INFO [utils:62] - unverified or inactive 0 users cleaned successfully!!
[2025-10-01 13:13:02,916] INFO [utils:62] - unverified or inactive 0 users cleaned successfully!!
[2025-10-01 14:13:01,600] INFO [utils:62] - unverified or inactive 0 users cleaned successfully!!
[2025-10-01 16:21:03,993] INFO [utils:62] - unverified or inactive 0 users cleaned successfully!!
[2025-10-01 16:21:03,993] INFO [utils:62] - unverified or inactive 0 users cleaned successfully!!
[2025-10-01 17:21:02,779] INFO [utils:62] - unverified or inactive 0 users cleaned successfully!!
[2025-10-01 17:59:43,557] INFO [utils:62] - send verification email successfully!! to : mahfujkhanbd94@gmail.com | name: Mahfuj-Khan | email: mahfujkhanbd94@gmail.com
[2025-10-01 18:00:56,048] INFO [utils:62] - send verification email successfully!! to : mahfuj.khan.infrom1011@gmail.com | name: Mahfuj-Khan | email: mahfuj.khan.infrom1011@gmail.com
[2025-10-01 18:02:52,433] INFO [utils:62] - send verification email successfully!! to : mahfuj.khan.infrom1011@gmail.com | name: Mahfuj-Khan | email: mahfuj.khan.infrom1011@gmail.com
[2025-10-01 18:21:02,759] INFO [utils:62] - unverified or inactive 2 users cleaned successfully!!
[2025-10-01 18:25:05,717] INFO [utils:62] - invalid verify urls : 0 delete successfully!!
[2025-10-01 18:25:07,311] INFO [utils:62] - invalid verify urls : 0 delete successfully!!
[2025-10-01 18:25:10,303] INFO [utils:62] - invalid verify urls : 0 delete successfully!!
[2025-10-01 18:25:13,304] INFO [utils:62] - invalid verify urls : 0 delete successfully!!
[2025-10-01 18:25:16,301] INFO [utils:62] - invalid verify urls : 0 delete successfully!!
[2025-10-01 18:25:19,302] INFO [utils:62] - invalid verify urls : 0 delete successfully!!
[2025-10-01 18:25:22,303] INFO [utils:62] - invalid verify urls : 0 delete successfully!!
[2025-10-01 18:25:25,303] INFO [utils:62] - invalid verify urls : 0 delete successfully!!
[2025-10-01 18:25:28,301] INFO [utils:62] - invalid verify urls : 0 delete successfully!!
[2025-10-01 18:25:31,303] INFO [utils:62] - invalid verify urls : 0 delete successfully!!
[2025-10-01 18:25:34,302] INFO [utils:62] - invalid verify urls : 0 delete successfully!!
[2025-10-01 18:25:37,305] INFO [utils:62] - invalid verify urls : 0 delete successfully!!
[2025-10-01 18:25:40,302] INFO [utils:62] - invalid verify urls : 0 delete successfully!!
[2025-10-01 18:25:43,312] INFO [utils:62] - invalid verify urls : 0 delete successfully!!
[2025-10-01 18:25:46,302] INFO [utils:62] - invalid verify urls : 0 delete successfully!!
[2025-10-01 18:25:49,303] INFO [utils:62] - invalid verify urls : 0 delete successfully!!
[2025-10-01 18:25:52,305] INFO [utils:62] - invalid verify urls : 0 delete successfully!!
[2025-10-01 18:25:55,303] INFO [utils:62] - invalid verify urls : 0 delete successfully!!
[2025-10-01 18:25:58,303] INFO [utils:62] - invalid verify urls : 0 delete successfully!!
[2025-10-01 18:26:01,306] INFO [utils:62] - invalid verify urls : 0 delete successfully!!
[2025-10-01 18:26:04,303] INFO [utils:62] - invalid verify urls : 0 delete successfully!!
[2025-10-01 18:26:07,303] INFO [utils:62] - invalid verify urls : 0 delete successfully!!
[2025-10-01 18:26:10,303] INFO [utils:62] - invalid verify urls : 0 delete successfully!!
[2025-10-01 18:26:13,302] INFO [utils:62] - invalid verify urls : 0 delete successfully!!
[2025-10-01 18:26:16,303] INFO [utils:62] - invalid verify urls : 0 delete successfully!!
[2025-10-01 18:26:19,304] INFO [utils:62] - invalid verify urls : 0 delete successfully!!
[2025-10-01 18:26:22,309] INFO [utils:62] - invalid verify urls : 0 delete successfully!!
[2025-10-01 18:26:25,304] INFO [utils:62] - invalid verify urls : 0 delete successfully!!
[2025-10-01 18:26:28,306] INFO [utils:62] - invalid verify urls : 0 delete successfully!!
[2025-10-01 18:26:31,304] INFO [utils:62] - invalid verify urls : 0 delete successfully!!
[2025-10-01 18:26:34,379] INFO [utils:62] - invalid verify urls : 0 delete successfully!!
[2025-10-01 18:26:37,321] INFO [utils:62] - invalid verify urls : 0 delete successfully!!
[2025-10-01 18:26:40,338] INFO [utils:62] - invalid verify urls : 0 delete successfully!!
[2025-10-01 18:26:43,324] INFO [utils:62] - invalid verify urls : 0 delete successfully!!
[2025-10-01 18:26:46,320] INFO [utils:62] - invalid verify urls : 0 delete successfully!!
[2025-10-01 18:26:49,325] INFO [utils:62] - invalid verify urls : 0 delete successfully!!
[2025-10-01 18:26:52,323] INFO [utils:62] - invalid verify urls : 0 delete successfully!!
[2025-10-01 18:26:55,322] INFO [utils:62] - invalid verify urls : 0 delete successfully!!
[2025-10-01 18:26:58,327] INFO [utils:62] - invalid verify urls : 0 delete successfully!!
[2025-10-01 18:27:01,324] INFO [utils:62] - invalid verify urls : 0 delete successfully!!
[2025-10-01 18:27:04,323] INFO [utils:62] - invalid verify urls : 0 delete successfully!!
[2025-10-01 18:27:07,321] INFO [utils:62] - invalid verify urls : 0 delete successfully!!
[2025-10-01 18:27:10,322] INFO [utils:62] - invalid verify urls : 0 delete successfully!!
[2025-10-01 18:27:13,321] INFO [utils:62] - invalid verify urls : 0 delete successfully!!
[2025-10-01 18:27:16,326] INFO [utils:62] - invalid verify urls : 0 delete successfully!!
[2025-10-01 18:27:19,322] INFO [utils:62] - invalid verify urls : 0 delete successfully!!
[2025-10-01 18:27:22,358] INFO [utils:62] - invalid verify urls : 0 delete successfully!!
[2025-10-01 18:27:25,323] INFO [utils:62] - invalid verify urls : 0 delete successfully!!
[2025-10-01 18:27:28,320] INFO [utils:62] - invalid verify urls : 0 delete successfully!!
[2025-10-01 18:27:31,323] INFO [utils:62] - invalid verify urls : 0 delete successfully!!
[2025-10-01 18:27:34,322] INFO [utils:62] - invalid verify urls : 0 delete successfully!!
[2025-10-01 18:27:37,324] INFO [utils:62] - invalid verify urls : 0 delete successfully!!
[2025-10-01 18:27:40,321] INFO [utils:62] - invalid verify urls : 0 delete successfully!!
[2025-10-01 18:27:43,320] INFO [utils:62] - invalid verify urls : 0 delete successfully!!
[2025-10-01 18:27:46,330] INFO [utils:62] - invalid verify urls : 0 delete successfully!!
[2025-10-01 18:27:49,323] INFO [utils:62] - invalid verify urls : 0 delete successfully!!
[2025-10-01 18:27:52,325] INFO [utils:62] - invalid verify urls : 0 delete successfully!!
[2025-10-01 18:27:55,324] INFO [utils:62] - invalid verify urls : 0 delete successfully!!
[2025-10-01 18:27:58,331] INFO [utils:62] - invalid verify urls : 0 delete successfully!!
[2025-10-01 18:28:01,325] INFO [utils:62] - invalid verify urls : 0 delete successfully!!
[2025-10-01 18:28:04,329] INFO [utils:62] - invalid verify urls : 0 delete successfully!!
[2025-10-01 18:28:07,321] INFO [utils:62] - invalid verify urls : 0 delete successfully!!
[2025-10-01 18:28:10,321] INFO [utils:62] - invalid verify urls : 0 delete successfully!!
[2025-10-01 18:28:13,321] INFO [utils:62] - invalid verify urls : 0 delete successfully!!
[2025-10-01 18:28:16,321] INFO [utils:62] - invalid verify urls : 0 delete successfully!!
[2025-10-01 18:28:19,323] INFO [utils:62] - invalid verify urls : 0 delete successfully!!
[2025-10-01 18:28:22,325] INFO [utils:62] - invalid verify urls : 0 delete successfully!!
[2025-10-01 18:28:25,323] INFO [utils:62] - invalid verify urls : 0 delete successfully!!
[2025-10-01 18:28:28,323] INFO [utils:62] - invalid verify urls : 0 delete successfully!!
[2025-10-01 18:28:31,320] INFO [utils:62] - invalid verify urls : 0 delete successfully!!
[2025-10-01 18:28:34,320] INFO [utils:62] - invalid verify urls : 0 delete successfully!!
[2025-10-01 18:28:37,320] INFO [utils:62] - invalid verify urls : 0 delete successfully!!
[2025-10-01 18:28:40,325] INFO [utils:62] - invalid verify urls : 0 delete successfully!!
[2025-10-01 18:28:43,321] INFO [utils:62] - invalid verify urls : 0 delete successfully!!
[2025-10-01 18:28:46,320] INFO [utils:62] - invalid verify urls : 0 delete successfully!!
[2025-10-01 18:28:49,324] INFO [utils:62] - invalid verify urls : 0 delete successfully!!
[2025-10-01 18:28:52,324] INFO [utils:62] - invalid verify urls : 0 delete successfully!!
[2025-10-01 18:28:55,326] INFO [utils:62] - invalid verify urls : 0 delete successfully!!
[2025-10-01 18:28:58,340] INFO [utils:62] - invalid verify urls : 0 delete successfully!!
[2025-10-01 18:29:01,321] INFO [utils:62] - invalid verify urls : 0 delete successfully!!
[2025-10-01 18:29:04,321] INFO [utils:62] - invalid verify urls : 0 delete successfully!!
[2025-10-01 18:29:07,327] INFO [utils:62] - invalid verify urls : 0 delete successfully!!
[2025-10-01 18:29:10,321] INFO [utils:62] - invalid verify urls : 0 delete successfully!!
[2025-10-01 18:29:13,329] INFO [utils:62] - invalid verify urls : 0 delete successfully!!
[2025-10-01 18:29:16,321] INFO [utils:62] - invalid verify urls : 0 delete successfully!!
[2025-10-01 18:29:19,322] INFO [utils:62] - invalid verify urls : 0 delete successfully!!
[2025-10-01 18:29:22,330] INFO [utils:62] - invalid verify urls : 0 delete successfully!!
[2025-10-01 18:29:25,327] INFO [utils:62] - invalid verify urls : 0 delete successfully!!
[2025-10-01 18:29:28,326] INFO [utils:62] - invalid verify urls : 0 delete successfully!!
[2025-10-01 18:29:31,327] INFO [utils:62] - invalid verify urls : 0 delete successfully!!
[2025-10-01 18:29:34,323] INFO [utils:62] - invalid verify urls : 0 delete successfully!!
[2025-10-01 18:29:37,329] INFO [utils:62] - invalid verify urls : 0 delete successfully!!
[2025-10-01 18:29:40,327] INFO [utils:62] - invalid verify urls : 0 delete successfully!!
[2025-10-01 18:29:43,326] INFO [utils:62] - invalid verify urls : 0 delete successfully!!
[2025-10-01 18:30:12,562] INFO [utils:62] - invalid verify urls : 0 delete successfully!!
[2025-10-01 18:30:12,563] INFO [utils:62] - invalid verify urls : 0 delete successfully!!
[2025-10-01 18:30:12,566] INFO [utils:62] - invalid verify urls : 0 delete successfully!!
[2025-10-01 18:30:14,230] INFO [utils:62] - invalid verify urls : 0 delete successfully!!
[2025-10-01 18:30:17,227] INFO [utils:62] - invalid verify urls : 0 delete successfully!!
[2025-10-01 18:30:20,239] INFO [utils:62] - invalid verify urls : 0 delete successfully!!
[2025-10-01 18:30:23,226] INFO [utils:62] - invalid verify urls : 0 delete successfully!!
[2025-10-01 18:31:17,356] INFO [utils:62] - invalid verify urls : 0 delete successfully!!
[2025-10-01 18:31:37,343] INFO [utils:62] - invalid verify urls : 0 delete successfully!!
[2025-10-01 18:31:57,343] INFO [utils:62] - invalid verify urls : 0 delete successfully!!
[2025-10-01 18:32:17,343] INFO [utils:62] - invalid verify urls : 0 delete successfully!!
[2025-10-01 18:32:37,343] INFO [utils:62] - invalid verify urls : 0 delete successfully!!
[2025-10-01 18:32:57,343] INFO [utils:62] - invalid verify urls : 0 delete successfully!!
[2025-10-01 18:33:11,378] INFO [utils:62] - invalid verify urls : 0 delete successfully!!
[2025-10-01 18:33:11,391] INFO [utils:62] - invalid verify urls : 0 delete successfully!!
[2025-10-01 18:33:11,392] INFO [utils:62] - invalid verify urls : 0 delete successfully!!
[2025-10-01 18:33:11,392] INFO [utils:62] - invalid verify urls : 0 delete successfully!!
[2025-10-01 18:33:11,402] INFO [utils:62] - invalid verify urls : 0 delete successfully!!
[2025-10-01 18:33:11,411] INFO [utils:62] - invalid verify urls : 0 delete successfully!!
[2025-10-01 18:33:11,412] INFO [utils:62] - invalid verify urls : 0 delete successfully!!
[2025-10-01 18:33:17,342] INFO [utils:62] - invalid verify urls : 0 delete successfully!!
[2025-10-01 18:33:27,342] INFO [utils:62] - invalid verify urls : 0 delete successfully!!
[2025-10-01 18:33:37,342] INFO [utils:62] - invalid verify urls : 0 delete successfully!!
[2025-10-01 18:33:47,342] INFO [utils:62] - invalid verify urls : 0 delete successfully!!
[2025-10-01 18:33:57,343] INFO [utils:62] - invalid verify urls : 0 delete successfully!!
[2025-10-01 18:34:07,343] INFO [utils:62] - invalid verify urls : 0 delete successfully!!
[2025-10-01 18:34:17,346] INFO [utils:62] - invalid verify urls : 0 delete successfully!!
[2025-10-01 18:34:27,343] INFO [utils:62] - invalid verify urls : 0 delete successfully!!
[2025-10-01 18:34:37,343] INFO [utils:62] - invalid verify urls : 0 delete successfully!!
[2025-10-01 18:34:47,342] INFO [utils:62] - invalid verify urls : 0 delete successfully!!
[2025-10-01 18:34:57,342] INFO [utils:62] - invalid verify urls : 0 delete successfully!!
[2025-10-01 18:35:07,352] INFO [utils:62] - invalid verify urls : 0 delete successfully!!
[2025-10-01 18:35:17,343] INFO [utils:62] - invalid verify urls : 0 delete successfully!!
[2025-10-01 18:35:27,343] INFO [utils:62] - invalid verify urls : 0 delete successfully!!
[2025-10-01 18:35:37,343] INFO [utils:62] - invalid verify urls : 0 delete successfully!!
[2025-10-01 18:35:47,343] INFO [utils:62] - invalid verify urls : 0 delete successfully!!
[2025-10-01 18:35:57,343] INFO [utils:62] - invalid verify urls : 0 delete successfully!!
[2025-10-01 18:36:07,343] INFO [utils:62] - invalid verify urls : 0 delete successfully!!
[2025-10-01 18:36:17,343] INFO [utils:62] - invalid verify urls : 0 delete successfully!!
[2025-10-01 18:36:27,343] INFO [utils:62] - invalid verify urls : 0 delete successfully!!
[2025-10-01 18:36:37,351] INFO [utils:62] - invalid verify urls : 0 delete successfully!!
[2025-10-01 18:36:47,343] INFO [utils:62] - invalid verify urls : 0 delete successfully!!
[2025-10-01 18:36:57,343] INFO [utils:62] - invalid verify urls : 0 delete successfully!!
[2025-10-01 18:37:07,343] INFO [utils:62] - invalid verify urls : 0 delete successfully!!
[2025-10-01 18:37:17,369] INFO [utils:62] - invalid verify urls : 0 delete successfully!!
[2025-10-01 18:37:27,375] INFO [utils:62] - invalid verify urls : 0 delete successfully!!
[2025-10-01 18:37:37,370] INFO [utils:62] - invalid verify urls : 0 delete successfully!!
[2025-10-01 18:37:47,369] INFO [utils:62] - invalid verify urls : 0 delete successfully!!
[2025-10-01 18:37:57,371] INFO [utils:62] - invalid verify urls : 0 delete successfully!!
[2025-10-01 18:38:07,370] INFO [utils:62] - invalid verify urls : 0 delete successfully!!
[2025-10-01 18:38:17,374] INFO [utils:62] - invalid verify urls : 0 delete successfully!!
[2025-10-01 18:38:27,370] INFO [utils:62] - invalid verify urls : 0 delete successfully!!
[2025-10-01 18:38:37,370] INFO [utils:62] - invalid verify urls : 0 delete successfully!!
[2025-10-01 18:38:47,370] INFO [utils:62] - invalid verify urls : 0 delete successfully!!
[2025-10-01 18:38:57,371] INFO [utils:62] - invalid verify urls : 0 delete successfully!!
[2025-10-01 18:39:07,370] INFO [utils:62] - invalid verify urls : 0 delete successfully!!
[2025-10-01 18:39:17,370] INFO [utils:62] - invalid verify urls : 0 delete successfully!!
[2025-10-01 18:39:27,371] INFO [utils:62] - invalid verify urls : 0 delete successfully!!
[2025-10-01 18:39:37,370] INFO [utils:62] - invalid verify urls : 0 delete successfully!!
[2025-10-01 18:39:47,369] INFO [utils:62] - invalid verify urls : 0 delete successfully!!
[2025-10-01 18:39:57,371] INFO [utils:62] - invalid verify urls : 0 delete successfully!!
[2025-10-01 18:40:07,370] INFO [utils:62] - invalid verify urls : 0 delete successfully!!
[2025-10-01 18:40:17,371] INFO [utils:62] - invalid verify urls : 0 delete successfully!!
[2025-10-01 18:40:27,370] INFO [utils:62] - invalid verify urls : 0 delete successfully!!
[2025-10-01 18:40:37,370] INFO [utils:62] - invalid verify urls : 0 delete successfully!!
[2025-10-01 18:40:47,370] INFO [utils:62] - invalid verify urls : 0 delete successfully!!
[2025-10-01 18:40:57,371] INFO [utils:62] - invalid verify urls : 0 delete successfully!!
[2025-10-01 18:41:07,370] INFO [utils:62] - invalid verify urls : 0 delete successfully!!
[2025-10-01 18:41:17,370] INFO [utils:62] - invalid verify urls : 0 delete successfully!!
[2025-10-01 18:41:27,371] INFO [utils:62] - invalid verify urls : 0 delete successfully!!
[2025-10-01 18:41:37,371] INFO [utils:62] - invalid verify urls : 0 delete successfully!!
[2025-10-01 18:41:47,370] INFO [utils:62] - invalid verify urls : 0 delete successfully!!
[2025-10-01 18:41:57,371] INFO [utils:62] - invalid verify urls : 0 delete successfully!!
[2025-10-01 18:42:07,371] INFO [utils:62] - invalid verify urls : 0 delete successfully!!
[2025-10-01 18:42:17,371] INFO [utils:62] - invalid verify urls : 0 delete successfully!!
[2025-10-01 18:42:27,398] INFO [utils:62] - invalid verify urls : 0 delete successfully!!
[2025-10-01 18:42:37,371] INFO [utils:62] - invalid verify urls : 0 delete successfully!!
[2025-10-01 18:42:47,370] INFO [utils:62] - invalid verify urls : 0 delete successfully!!
[2025-10-01 18:42:57,371] INFO [utils:62] - invalid verify urls : 0 delete successfully!!
[2025-10-01 18:43:07,372] INFO [utils:62] - invalid verify urls : 0 delete successfully!!
[2025-10-01 18:43:17,371] INFO [utils:62] - invalid verify urls : 0 delete successfully!!
[2025-10-01 18:43:27,371] INFO [utils:62] - invalid verify urls : 0 delete successfully!!
[2025-10-01 18:43:37,371] INFO [utils:62] - invalid verify urls : 0 delete successfully!!
[2025-10-01 18:43:58,920] INFO [utils:62] - unverified or inactive 0 users cleaned successfully!!
[2025-10-01 18:43:58,932] INFO [utils:62] - invalid verify urls : 0 delete successfully!!
[2025-10-01 18:44:07,310] INFO [utils:62] - unverified or inactive 0 users cleaned successfully!!
[2025-10-01 18:44:07,450] INFO [utils:62] - invalid verify urls : 0 delete successfully!!
[2025-10-01 18:44:17,304] INFO [utils:62] - unverified or inactive 0 users cleaned successfully!!
[2025-10-01 18:44:17,445] INFO [utils:62] - invalid verify urls : 0 delete successfully!!
[2025-10-01 18:44:27,305] INFO [utils:62] - unverified or inactive 0 users cleaned successfully!!
[2025-10-01 18:44:27,446] INFO [utils:62] - invalid verify urls : 0 delete successfully!!
[2025-10-01 18:44:37,304] INFO [utils:62] - unverified or inactive 0 users cleaned successfully!!
[2025-10-01 18:44:37,446] INFO [utils:62] - invalid verify urls : 0 delete successfully!!
[2025-10-01 18:44:47,306] INFO [utils:62] - unverified or inactive 0 users cleaned successfully!!
[2025-10-01 18:44:47,446] INFO [utils:62] - invalid verify urls : 0 delete successfully!!
[2025-10-01 18:44:57,346] INFO [utils:62] - unverified or inactive 1 users cleaned successfully!!
[2025-10-01 18:44:57,446] INFO [utils:62] - invalid verify urls : 0 delete successfully!!
[2025-10-01 18:44:58,857] INFO [utils:62] - send verification email successfully!! to : mahfujkhanbd94@gmail.com | name: Mahfuj-Khan | email: mahfujkhanbd94@gmail.com
[2025-10-01 18:45:07,309] INFO [utils:62] - unverified or inactive 0 users cleaned successfully!!
[2025-10-01 18:45:07,450] INFO [utils:62] - invalid verify urls : 0 delete successfully!!
[2025-10-01 18:45:17,310] INFO [utils:62] - unverified or inactive 0 users cleaned successfully!!
[2025-10-01 18:45:17,451] INFO [utils:62] - invalid verify urls : 0 delete successfully!!
[2025-10-01 18:45:27,309] INFO [utils:62] - unverified or inactive 0 users cleaned successfully!!
[2025-10-01 18:45:27,450] INFO [utils:62] - invalid verify urls : 0 delete successfully!!
[2025-10-01 18:45:37,304] INFO [utils:62] - unverified or inactive 0 users cleaned successfully!!
[2025-10-01 18:45:37,446] INFO [utils:62] - invalid verify urls : 0 delete successfully!!
[2025-10-01 18:45:47,305] INFO [utils:62] - unverified or inactive 0 users cleaned successfully!!
[2025-10-01 18:45:47,446] INFO [utils:62] - invalid verify urls : 0 delete successfully!!
[2025-10-01 18:45:57,304] INFO [utils:62] - unverified or inactive 0 users cleaned successfully!!
[2025-10-01 18:45:57,445] INFO [utils:62] - invalid verify urls : 0 delete successfully!!
[2025-10-01 18:46:07,305] INFO [utils:62] - unverified or inactive 0 users cleaned successfully!!
[2025-10-01 18:46:07,448] INFO [utils:62] - invalid verify urls : 0 delete successfully!!
[2025-10-01 18:46:17,305] INFO [utils:62] - unverified or inactive 0 users cleaned successfully!!
[2025-10-01 18:46:17,446] INFO [utils:62] - invalid verify urls : 0 delete successfully!!
[2025-10-01 18:46:27,305] INFO [utils:62] - unverified or inactive 0 users cleaned successfully!!
[2025-10-01 18:46:27,446] INFO [utils:62] - invalid verify urls : 0 delete successfully!!
[2025-10-01 18:46:37,305] INFO [utils:62] - unverified or inactive 0 users cleaned successfully!!
[2025-10-01 18:46:37,446] INFO [utils:62] - invalid verify urls : 0 delete successfully!!
[2025-10-01 18:46:47,312] INFO [utils:62] - unverified or inactive 0 users cleaned successfully!!
[2025-10-01 18:46:47,450] INFO [utils:62] - invalid verify urls : 0 delete successfully!!
[2025-10-01 18:46:57,306] INFO [utils:62] - unverified or inactive 0 users cleaned successfully!!
[2025-10-01 18:46:57,447] INFO [utils:62] - invalid verify urls : 0 delete successfully!!
[2025-10-01 18:47:04,094] INFO [utils:62] - send verification email successfully!! to : alice.web.1011@gmail.com | name: Alice-Wick | email: alice.web.1011@gmail.com
[2025-10-01 18:47:07,305] INFO [utils:62] - unverified or inactive 0 users cleaned successfully!!
[2025-10-01 18:47:07,451] INFO [utils:62] - invalid verify urls : 0 delete successfully!!
[2025-10-01 18:47:17,309] INFO [utils:62] - unverified or inactive 0 users cleaned successfully!!
[2025-10-01 18:47:17,451] INFO [utils:62] - invalid verify urls : 0 delete successfully!!
[2025-10-01 18:47:27,311] INFO [utils:62] - unverified or inactive 0 users cleaned successfully!!
[2025-10-01 18:47:27,451] INFO [utils:62] - invalid verify urls : 0 delete successfully!!
[2025-10-01 18:47:37,305] INFO [utils:62] - unverified or inactive 0 users cleaned successfully!!
[2025-10-01 18:47:37,447] INFO [utils:62] - invalid verify urls : 0 delete successfully!!
[2025-10-01 18:47:47,308] INFO [utils:62] - unverified or inactive 0 users cleaned successfully!!
[2025-10-01 18:47:47,473] INFO [utils:62] - invalid verify urls : 0 delete successfully!!
[2025-10-01 18:47:57,305] INFO [utils:62] - unverified or inactive 0 users cleaned successfully!!
[2025-10-01 18:47:57,446] INFO [utils:62] - invalid verify urls : 0 delete successfully!!
[2025-10-01 18:48:07,322] INFO [utils:62] - unverified or inactive 0 users cleaned successfully!!
[2025-10-01 18:48:07,447] INFO [utils:62] - invalid verify urls : 0 delete successfully!!
[2025-10-01 18:48:17,309] INFO [utils:62] - unverified or inactive 0 users cleaned successfully!!
[2025-10-01 18:48:17,448] INFO [utils:62] - invalid verify urls : 0 delete successfully!!
[2025-10-01 18:48:36,927] INFO [utils:62] - invalid verify urls : 0 delete successfully!!
[2025-10-01 18:48:36,927] INFO [utils:62] - unverified or inactive 0 users cleaned successfully!!
[2025-10-01 18:48:37,487] INFO [utils:62] - invalid verify urls : 0 delete successfully!!
[2025-10-01 18:48:47,476] INFO [utils:62] - invalid verify urls : 0 delete successfully!!
[2025-10-01 18:48:57,478] INFO [utils:62] - invalid verify urls : 0 delete successfully!!
[2025-10-01 18:49:07,473] INFO [utils:62] - invalid verify urls : 0 delete successfully!!
[2025-10-01 18:49:17,472] INFO [utils:62] - invalid verify urls : 0 delete successfully!!
[2025-10-01 18:49:27,473] INFO [utils:62] - invalid verify urls : 0 delete successfully!!
[2025-10-01 18:49:37,472] INFO [utils:62] - invalid verify urls : 0 delete successfully!!
[2025-10-01 18:49:44,351] INFO [utils:62] - send verification email successfully!! to : mahfujkhanbd94@gmail.com | name: Mahfuj-Khan | email: mahfujkhanbd94@gmail.com
[2025-10-01 18:49:47,507] INFO [utils:62] - invalid verify urls : 1 delete successfully!!
[2025-10-01 18:49:57,475] INFO [utils:62] - invalid verify urls : 0 delete successfully!!
[2025-10-01 18:50:07,472] INFO [utils:62] - invalid verify urls : 0 delete successfully!!
[2025-10-01 18:50:17,481] INFO [utils:62] - invalid verify urls : 0 delete successfully!!
[2025-10-01 18:50:27,473] INFO [utils:62] - invalid verify urls : 0 delete successfully!!
[2025-10-01 18:50:37,473] INFO [utils:62] - invalid verify urls : 0 delete successfully!!
[2025-10-01 18:50:48,502] INFO [utils:62] - invalid verify urls : 0 delete successfully!!
[2025-10-01 18:50:57,484] INFO [utils:62] - invalid verify urls : 0 delete successfully!!
[2025-10-01 18:51:20,161] INFO [utils:62] - invalid verify urls : 0 delete successfully!!
[2025-10-01 18:51:28,825] INFO [utils:62] - invalid verify urls : 0 delete successfully!!
[2025-10-01 18:51:38,822] INFO [utils:62] - invalid verify urls : 0 delete successfully!!
[2025-10-01 18:51:48,822] INFO [utils:62] - invalid verify urls : 0 delete successfully!!
[2025-10-01 18:51:58,821] INFO [utils:62] - invalid verify urls : 0 delete successfully!!
[2025-10-01 18:52:08,824] INFO [utils:62] - invalid verify urls : 0 delete successfully!!
[2025-10-01 18:52:18,821] INFO [utils:62] - invalid verify urls : 0 delete successfully!!
[2025-10-01 18:52:28,833] INFO [utils:62] - invalid verify urls : 0 delete successfully!!
[2025-10-01 18:52:38,821] INFO [utils:62] - invalid verify urls : 0 delete successfully!!
[2025-10-01 19:48:27,343] INFO [utils:62] - unverified or inactive 0 users cleaned successfully!!
[2025-10-01 19:52:38,822] INFO [utils:62] - invalid verify urls : 0 delete successfully!!
[2025-10-01 20:48:27,310] INFO [utils:62] - unverified or inactive 0 users cleaned successfully!!
[2025-10-01 20:52:38,880] INFO [utils:62] - invalid verify urls : 0 delete successfully!!
[2025-10-01 21:48:27,348] INFO [utils:62] - unverified or inactive 0 users cleaned successfully!!
[2025-10-01 21:52:38,871] INFO [utils:62] - invalid verify urls : 0 delete successfully!!
[2025-10-01 22:48:27,362] INFO [utils:62] - unverified or inactive 0 users cleaned successfully!!
